ARM GAS  C:\Users\aavas\AppData\Local\Temp\ccP8sqUz.s 			page 1


   1              		.cpu cortex-m4
   2              		.arch armv7e-m
   3              		.fpu fpv4-sp-d16
   4              		.eabi_attribute 27, 1
   5              		.eabi_attribute 28, 1
   6              		.eabi_attribute 20, 1
   7              		.eabi_attribute 21, 1
   8              		.eabi_attribute 23, 3
   9              		.eabi_attribute 24, 1
  10              		.eabi_attribute 25, 1
  11              		.eabi_attribute 26, 1
  12              		.eabi_attribute 30, 1
  13              		.eabi_attribute 34, 1
  14              		.eabi_attribute 18, 4
  15              		.file	"gpio.c"
  16              		.text
  17              	.Ltext0:
  18              		.cfi_sections	.debug_frame
  19              		.section	.text.MX_GPIO_Init,"ax",%progbits
  20              		.align	1
  21              		.global	MX_GPIO_Init
  22              		.syntax unified
  23              		.thumb
  24              		.thumb_func
  26              	MX_GPIO_Init:
  27              	.LFB134:
  28              		.file 1 "Core/Src/gpio.c"
   1:Core/Src/gpio.c **** /* USER CODE BEGIN Header */
   2:Core/Src/gpio.c **** /**
   3:Core/Src/gpio.c ****   ******************************************************************************
   4:Core/Src/gpio.c ****   * @file    gpio.c
   5:Core/Src/gpio.c ****   * @brief   This file provides code for the configuration
   6:Core/Src/gpio.c ****   *          of all used GPIO pins.
   7:Core/Src/gpio.c ****   ******************************************************************************
   8:Core/Src/gpio.c ****   * @attention
   9:Core/Src/gpio.c ****   *
  10:Core/Src/gpio.c ****   * Copyright (c) 2025 STMicroelectronics.
  11:Core/Src/gpio.c ****   * All rights reserved.
  12:Core/Src/gpio.c ****   *
  13:Core/Src/gpio.c ****   * This software is licensed under terms that can be found in the LICENSE file
  14:Core/Src/gpio.c ****   * in the root directory of this software component.
  15:Core/Src/gpio.c ****   * If no LICENSE file comes with this software, it is provided AS-IS.
  16:Core/Src/gpio.c ****   *
  17:Core/Src/gpio.c ****   ******************************************************************************
  18:Core/Src/gpio.c ****   */
  19:Core/Src/gpio.c **** /* USER CODE END Header */
  20:Core/Src/gpio.c **** 
  21:Core/Src/gpio.c **** /* Includes ------------------------------------------------------------------*/
  22:Core/Src/gpio.c **** #include "gpio.h"
  23:Core/Src/gpio.c **** 
  24:Core/Src/gpio.c **** /* USER CODE BEGIN 0 */
  25:Core/Src/gpio.c **** 
  26:Core/Src/gpio.c **** /* USER CODE END 0 */
  27:Core/Src/gpio.c **** 
  28:Core/Src/gpio.c **** /*----------------------------------------------------------------------------*/
  29:Core/Src/gpio.c **** /* Configure GPIO                                                             */
  30:Core/Src/gpio.c **** /*----------------------------------------------------------------------------*/
ARM GAS  C:\Users\aavas\AppData\Local\Temp\ccP8sqUz.s 			page 2


  31:Core/Src/gpio.c **** /* USER CODE BEGIN 1 */
  32:Core/Src/gpio.c **** 
  33:Core/Src/gpio.c **** /* USER CODE END 1 */
  34:Core/Src/gpio.c **** 
  35:Core/Src/gpio.c **** /** Configure pins as
  36:Core/Src/gpio.c ****         * Analog
  37:Core/Src/gpio.c ****         * Input
  38:Core/Src/gpio.c ****         * Output
  39:Core/Src/gpio.c ****         * EVENT_OUT
  40:Core/Src/gpio.c ****         * EXTI
  41:Core/Src/gpio.c **** */
  42:Core/Src/gpio.c **** void MX_GPIO_Init(void)
  43:Core/Src/gpio.c **** {
  29              		.loc 1 43 1 view -0
  30              		.cfi_startproc
  31              		@ args = 0, pretend = 0, frame = 40
  32              		@ frame_needed = 0, uses_anonymous_args = 0
  33 0000 10B5     		push	{r4, lr}
  34              	.LCFI0:
  35              		.cfi_def_cfa_offset 8
  36              		.cfi_offset 4, -8
  37              		.cfi_offset 14, -4
  38 0002 8AB0     		sub	sp, sp, #40
  39              	.LCFI1:
  40              		.cfi_def_cfa_offset 48
  44:Core/Src/gpio.c **** 
  45:Core/Src/gpio.c ****   GPIO_InitTypeDef GPIO_InitStruct = {0};
  41              		.loc 1 45 3 view .LVU1
  42              		.loc 1 45 20 is_stmt 0 view .LVU2
  43 0004 0024     		movs	r4, #0
  44 0006 0594     		str	r4, [sp, #20]
  45 0008 0694     		str	r4, [sp, #24]
  46 000a 0794     		str	r4, [sp, #28]
  47 000c 0894     		str	r4, [sp, #32]
  48 000e 0994     		str	r4, [sp, #36]
  46:Core/Src/gpio.c **** 
  47:Core/Src/gpio.c ****   /* GPIO Ports Clock Enable */
  48:Core/Src/gpio.c ****   // __HAL_RCC_GPIOH_CLK_ENABLE();
  49:Core/Src/gpio.c ****   // __HAL_RCC_GPIOA_CLK_ENABLE();
  50:Core/Src/gpio.c ****   // __HAL_RCC_GPIOB_CLK_ENABLE();
  51:Core/Src/gpio.c ****   __HAL_RCC_GPIOA_CLK_ENABLE();
  49              		.loc 1 51 3 is_stmt 1 view .LVU3
  50              	.LBB2:
  51              		.loc 1 51 3 view .LVU4
  52 0010 0194     		str	r4, [sp, #4]
  53              		.loc 1 51 3 view .LVU5
  54 0012 1D4B     		ldr	r3, .L3
  55 0014 1A6B     		ldr	r2, [r3, #48]
  56 0016 42F00102 		orr	r2, r2, #1
  57 001a 1A63     		str	r2, [r3, #48]
  58              		.loc 1 51 3 view .LVU6
  59 001c 1A6B     		ldr	r2, [r3, #48]
  60 001e 02F00102 		and	r2, r2, #1
  61 0022 0192     		str	r2, [sp, #4]
  62              		.loc 1 51 3 view .LVU7
  63 0024 019A     		ldr	r2, [sp, #4]
  64              	.LBE2:
ARM GAS  C:\Users\aavas\AppData\Local\Temp\ccP8sqUz.s 			page 3


  65              		.loc 1 51 3 view .LVU8
  52:Core/Src/gpio.c ****   __HAL_RCC_GPIOB_CLK_ENABLE();
  66              		.loc 1 52 3 view .LVU9
  67              	.LBB3:
  68              		.loc 1 52 3 view .LVU10
  69 0026 0294     		str	r4, [sp, #8]
  70              		.loc 1 52 3 view .LVU11
  71 0028 1A6B     		ldr	r2, [r3, #48]
  72 002a 42F00202 		orr	r2, r2, #2
  73 002e 1A63     		str	r2, [r3, #48]
  74              		.loc 1 52 3 view .LVU12
  75 0030 1A6B     		ldr	r2, [r3, #48]
  76 0032 02F00202 		and	r2, r2, #2
  77 0036 0292     		str	r2, [sp, #8]
  78              		.loc 1 52 3 view .LVU13
  79 0038 029A     		ldr	r2, [sp, #8]
  80              	.LBE3:
  81              		.loc 1 52 3 view .LVU14
  53:Core/Src/gpio.c ****   __HAL_RCC_GPIOC_CLK_ENABLE();
  82              		.loc 1 53 3 view .LVU15
  83              	.LBB4:
  84              		.loc 1 53 3 view .LVU16
  85 003a 0394     		str	r4, [sp, #12]
  86              		.loc 1 53 3 view .LVU17
  87 003c 1A6B     		ldr	r2, [r3, #48]
  88 003e 42F00402 		orr	r2, r2, #4
  89 0042 1A63     		str	r2, [r3, #48]
  90              		.loc 1 53 3 view .LVU18
  91 0044 1A6B     		ldr	r2, [r3, #48]
  92 0046 02F00402 		and	r2, r2, #4
  93 004a 0392     		str	r2, [sp, #12]
  94              		.loc 1 53 3 view .LVU19
  95 004c 039A     		ldr	r2, [sp, #12]
  96              	.LBE4:
  97              		.loc 1 53 3 view .LVU20
  54:Core/Src/gpio.c ****   __HAL_RCC_GPIOD_CLK_ENABLE();
  98              		.loc 1 54 3 view .LVU21
  99              	.LBB5:
 100              		.loc 1 54 3 view .LVU22
 101 004e 0494     		str	r4, [sp, #16]
 102              		.loc 1 54 3 view .LVU23
 103 0050 1A6B     		ldr	r2, [r3, #48]
 104 0052 42F00802 		orr	r2, r2, #8
 105 0056 1A63     		str	r2, [r3, #48]
 106              		.loc 1 54 3 view .LVU24
 107 0058 1B6B     		ldr	r3, [r3, #48]
 108 005a 03F00803 		and	r3, r3, #8
 109 005e 0493     		str	r3, [sp, #16]
 110              		.loc 1 54 3 view .LVU25
 111 0060 049B     		ldr	r3, [sp, #16]
 112              	.LBE5:
 113              		.loc 1 54 3 view .LVU26
  55:Core/Src/gpio.c **** 
  56:Core/Src/gpio.c ****   /*Configure GPIO pin Output Level */
  57:Core/Src/gpio.c ****   HAL_GPIO_WritePin(led_GPIO_Port, led_Pin, GPIO_PIN_RESET);
 114              		.loc 1 57 3 view .LVU27
 115 0062 2246     		mov	r2, r4
ARM GAS  C:\Users\aavas\AppData\Local\Temp\ccP8sqUz.s 			page 4


 116 0064 1021     		movs	r1, #16
 117 0066 0948     		ldr	r0, .L3+4
 118 0068 FFF7FEFF 		bl	HAL_GPIO_WritePin
 119              	.LVL0:
  58:Core/Src/gpio.c **** 
  59:Core/Src/gpio.c ****   /*Configure GPIO pin : led_Pin */
  60:Core/Src/gpio.c ****   GPIO_InitStruct.Pin = GPIO_PIN_12;
 120              		.loc 1 60 3 view .LVU28
 121              		.loc 1 60 23 is_stmt 0 view .LVU29
 122 006c 4FF48053 		mov	r3, #4096
 123 0070 0593     		str	r3, [sp, #20]
  61:Core/Src/gpio.c ****   GPIO_InitStruct.Mode = GPIO_MODE_OUTPUT_PP;
 124              		.loc 1 61 3 is_stmt 1 view .LVU30
 125              		.loc 1 61 24 is_stmt 0 view .LVU31
 126 0072 0123     		movs	r3, #1
 127 0074 0693     		str	r3, [sp, #24]
  62:Core/Src/gpio.c ****   GPIO_InitStruct.Pull = GPIO_NOPULL;
 128              		.loc 1 62 3 is_stmt 1 view .LVU32
 129              		.loc 1 62 24 is_stmt 0 view .LVU33
 130 0076 0794     		str	r4, [sp, #28]
  63:Core/Src/gpio.c ****   GPIO_InitStruct.Speed = GPIO_SPEED_FREQ_LOW;
 131              		.loc 1 63 3 is_stmt 1 view .LVU34
 132              		.loc 1 63 25 is_stmt 0 view .LVU35
 133 0078 0894     		str	r4, [sp, #32]
  64:Core/Src/gpio.c ****   HAL_GPIO_Init(GPIOD, &GPIO_InitStruct);
 134              		.loc 1 64 3 is_stmt 1 view .LVU36
 135 007a 05A9     		add	r1, sp, #20
 136 007c 0448     		ldr	r0, .L3+8
 137 007e FFF7FEFF 		bl	HAL_GPIO_Init
 138              	.LVL1:
  65:Core/Src/gpio.c **** 
  66:Core/Src/gpio.c **** }
 139              		.loc 1 66 1 is_stmt 0 view .LVU37
 140 0082 0AB0     		add	sp, sp, #40
 141              	.LCFI2:
 142              		.cfi_def_cfa_offset 8
 143              		@ sp needed
 144 0084 10BD     		pop	{r4, pc}
 145              	.L4:
 146 0086 00BF     		.align	2
 147              	.L3:
 148 0088 00380240 		.word	1073887232
 149 008c 00040240 		.word	1073873920
 150 0090 000C0240 		.word	1073875968
 151              		.cfi_endproc
 152              	.LFE134:
 154              		.text
 155              	.Letext0:
 156              		.file 2 "c:\\dev\\tools\\gcc-arm-none-eabi-10.3-2021.10\\arm-none-eabi\\include\\machine\\_default
 157              		.file 3 "c:\\dev\\tools\\gcc-arm-none-eabi-10.3-2021.10\\arm-none-eabi\\include\\sys\\_stdint.h"
 158              		.file 4 "Drivers/CMSIS/Device/ST/STM32F4xx/Include/stm32f407xx.h"
 159              		.file 5 "Drivers/STM32F4xx_HAL_Driver/Inc/stm32f4xx_hal_gpio.h"
ARM GAS  C:\Users\aavas\AppData\Local\Temp\ccP8sqUz.s 			page 5


DEFINED SYMBOLS
                            *ABS*:00000000 gpio.c
C:\Users\aavas\AppData\Local\Temp\ccP8sqUz.s:20     .text.MX_GPIO_Init:00000000 $t
C:\Users\aavas\AppData\Local\Temp\ccP8sqUz.s:26     .text.MX_GPIO_Init:00000000 MX_GPIO_Init
C:\Users\aavas\AppData\Local\Temp\ccP8sqUz.s:148    .text.MX_GPIO_Init:00000088 $d

UNDEFINED SYMBOLS
HAL_GPIO_WritePin
HAL_GPIO_Init
